2021-04-10 09:46:05,115 [main] INFO nopComemrce - ****Launching browser******
2021-04-10 09:46:06,335 [main] INFO nopComemrce - Providing email and password
2021-04-10 09:46:22,827 [main] INFO nopComemrce - Adding new customer------
2021-04-10 09:46:22,847 [main] INFO nopComemrce - providing new customer details------
2021-04-10 09:46:23,254 [main] INFO nopComemrce - saving new customer------
2021-04-10 09:46:26,108 [main] INFO nopComemrce - ****Launching browser******
2021-04-10 09:46:27,250 [main] INFO nopComemrce - Providing email and password
2021-04-10 09:46:42,134 [main] INFO nopComemrce - Searching new customer by email------
2021-04-10 09:46:45,536 [main] INFO nopComemrce - ****Launching browser******
2021-04-10 09:46:46,743 [main] INFO nopComemrce - Providing email and password
2021-04-10 11:27:53,077 [main] INFO nopComemrce - ****Launching browser******
2021-04-10 11:27:54,336 [main] INFO nopComemrce - Providing email and password
2021-04-10 11:27:58,768 [main] INFO nopComemrce - Login Failed------
2021-04-10 11:27:58,774 [main] INFO nopComemrce - Click on Logout------
2021-04-10 11:28:02,889 [main] INFO nopComemrce - Login Failed------
2021-04-10 11:28:04,081 [main] INFO nopComemrce - ****Launching browser******
2021-04-10 11:28:05,285 [main] INFO nopComemrce - Providing email and password
2021-04-10 11:28:08,335 [main] INFO nopComemrce - Login Failed------
2021-04-10 11:28:08,340 [main] INFO nopComemrce - Click on Logout------
2021-04-10 11:28:12,423 [main] INFO nopComemrce - Login Failed------
2021-04-10 11:28:13,582 [main] INFO nopComemrce - ****Launching browser******
2021-04-10 11:28:14,733 [main] INFO nopComemrce - Providing email and password
2021-04-10 11:28:18,362 [main] INFO nopComemrce - Login Failed------
2021-04-10 11:28:18,367 [main] INFO nopComemrce - Click on Logout------
2021-04-10 11:28:22,473 [main] INFO nopComemrce - Login Failed------
2021-04-10 11:30:13,668 [main] INFO nopComemrce - ****Launching browser******
2021-04-10 11:30:14,997 [main] INFO nopComemrce - Providing email and password
2021-04-10 11:30:17,960 [main] INFO nopComemrce - Login Failed------
2021-04-10 11:30:17,964 [main] INFO nopComemrce - Click on Logout------
2021-04-10 11:30:21,699 [main] INFO nopComemrce - Login Failed------
2021-04-10 11:30:24,357 [main] INFO nopComemrce - ****Launching browser******
2021-04-10 11:30:25,717 [main] INFO nopComemrce - Providing email and password
2021-04-10 11:30:28,728 [main] INFO nopComemrce - Login Failed------
2021-04-10 11:30:28,731 [main] INFO nopComemrce - Click on Logout------
2021-04-10 11:30:32,470 [main] INFO nopComemrce - Login Failed------
2021-04-10 11:30:35,048 [main] INFO nopComemrce - ****Launching browser******
2021-04-10 11:30:35,770 [main] INFO nopComemrce - Providing email and password
2021-04-10 11:30:37,437 [main] INFO nopComemrce - Login Failed------
2021-04-10 11:30:37,440 [main] INFO nopComemrce - Click on Logout------
2021-04-10 11:30:41,170 [main] INFO nopComemrce - Login Failed------
2021-04-10 11:32:44,867 [main] INFO nopComemrce - ****Launching browser******
2021-04-10 11:32:46,254 [main] INFO nopComemrce - Providing email and password
2021-04-10 11:32:49,728 [main] INFO nopComemrce - Login Failed------
2021-04-10 11:32:49,732 [main] INFO nopComemrce - Click on Logout------
2021-04-10 11:32:53,468 [main] INFO nopComemrce - Login Failed------
2021-04-10 11:32:56,077 [main] INFO nopComemrce - ****Launching browser******
2021-04-10 11:32:57,392 [main] INFO nopComemrce - Providing email and password
2021-04-10 11:33:01,188 [main] INFO nopComemrce - Login Failed------
2021-04-10 11:33:01,193 [main] INFO nopComemrce - Click on Logout------
2021-04-10 11:33:04,928 [main] INFO nopComemrce - Login Failed------
2021-04-10 11:33:07,624 [main] INFO nopComemrce - ****Launching browser******
2021-04-10 11:33:08,979 [main] INFO nopComemrce - Providing email and password
2021-04-10 11:33:12,771 [main] INFO nopComemrce - Login Failed------
2021-04-10 11:33:12,773 [main] INFO nopComemrce - Click on Logout------
2021-04-10 11:33:16,506 [main] INFO nopComemrce - Login Failed------
2021-04-10 11:35:36,662 [main] INFO nopComemrce - ****Launching browser******
2021-04-10 11:35:38,053 [main] INFO nopComemrce - Providing email and password
2021-04-10 11:35:41,170 [main] INFO nopComemrce - Login Failed------
2021-04-10 11:35:41,174 [main] INFO nopComemrce - Click on Logout------
2021-04-10 11:35:44,906 [main] INFO nopComemrce - Login Failed------
2021-04-10 11:35:47,511 [main] INFO nopComemrce - ****Launching browser******
2021-04-10 11:35:49,057 [main] INFO nopComemrce - Providing email and password
2021-04-10 11:35:52,587 [main] INFO nopComemrce - Login Failed------
2021-04-10 11:35:52,591 [main] INFO nopComemrce - Click on Logout------
2021-04-10 11:35:56,327 [main] INFO nopComemrce - Login Failed------
2021-04-10 11:35:59,524 [main] INFO nopComemrce - ****Launching browser******
2021-04-10 11:36:01,128 [main] INFO nopComemrce - Providing email and password
2021-04-10 11:36:04,099 [main] INFO nopComemrce - Login Failed------
2021-04-10 11:36:04,101 [main] INFO nopComemrce - Click on Logout------
2021-04-10 11:36:07,832 [main] INFO nopComemrce - Login Failed------
2021-04-10 11:42:41,612 [main] INFO nopComemrce - ****Launching browser******
2021-04-10 11:42:42,842 [main] INFO nopComemrce - Providing email and password
2021-04-10 11:42:47,460 [main] INFO nopComemrce - Login Failed------
2021-04-10 11:42:47,467 [main] INFO nopComemrce - Click on Logout------
2021-04-10 11:42:51,557 [main] INFO nopComemrce - Login Failed------
2021-04-10 11:43:11,044 [main] INFO nopComemrce - ****Launching browser******
2021-04-10 11:43:12,556 [main] INFO nopComemrce - Providing email and password
2021-04-10 11:43:17,868 [main] INFO nopComemrce - Login Failed------
2021-04-10 11:43:17,959 [main] INFO nopComemrce - Click on Logout------
2021-04-10 11:43:22,183 [main] INFO nopComemrce - Login Failed------
2021-04-10 11:49:32,535 [main] INFO nopComemrce - ****Launching browser******
2021-04-10 11:49:33,290 [main] INFO nopComemrce - Providing email and password
2021-04-10 11:49:36,206 [main] INFO nopComemrce - Login passed------
2021-04-10 11:49:36,341 [main] INFO nopComemrce - Click on Logout------
2021-04-10 11:53:20,775 [main] INFO nopComemrce - ****Launching browser******
2021-04-10 11:53:22,177 [main] INFO nopComemrce - Providing email and password
2021-04-10 11:53:26,656 [main] INFO nopComemrce - Login passed------
2021-04-10 11:53:26,746 [main] INFO nopComemrce - Click on Logout------
2021-04-10 11:55:15,937 [main] INFO nopComemrce - ****Launching browser******
2021-04-10 11:55:17,318 [main] INFO nopComemrce - Providing email and password
2021-04-10 11:55:22,250 [main] INFO nopComemrce - Login passed------
2021-04-10 11:55:22,333 [main] INFO nopComemrce - Click on Logout------
2021-04-10 11:58:35,161 [main] INFO nopComemrce - ****Launching browser******
2021-04-10 11:58:36,515 [main] INFO nopComemrce - Providing email and password
2021-04-10 11:58:41,545 [main] INFO nopComemrce - Login Failed------
2021-04-10 11:58:41,561 [main] INFO nopComemrce - Click on Logout------
2021-04-10 11:58:47,026 [main] INFO nopComemrce - Login Failed------
2021-04-10 11:58:48,522 [main] INFO nopComemrce - ****Launching browser******
2021-04-10 11:58:49,777 [main] INFO nopComemrce - Providing email and password
2021-04-10 11:58:53,859 [main] INFO nopComemrce - Login Failed------
2021-04-10 11:58:53,924 [main] INFO nopComemrce - Click on Logout------
2021-04-10 11:58:58,916 [main] INFO nopComemrce - Login Failed------
2021-04-10 11:59:00,581 [main] INFO nopComemrce - ****Launching browser******
2021-04-10 11:59:01,918 [main] INFO nopComemrce - Providing email and password
2021-04-10 11:59:05,528 [main] INFO nopComemrce - Login Failed------
2021-04-10 11:59:05,538 [main] INFO nopComemrce - Click on Logout------
2021-04-10 11:59:10,424 [main] INFO nopComemrce - Login Failed------
2021-04-10 12:01:17,396 [main] INFO nopComemrce - ****Launching browser******
2021-04-10 12:01:18,857 [main] INFO nopComemrce - Providing email and password
2021-04-10 12:01:22,563 [main] INFO nopComemrce - Login Failed------
2021-04-10 12:01:22,616 [main] INFO nopComemrce - Click on Logout------
2021-04-10 12:01:27,641 [main] INFO nopComemrce - Login Failed------
2021-04-10 12:01:28,984 [main] INFO nopComemrce - ****Launching browser******
2021-04-10 12:01:30,324 [main] INFO nopComemrce - Providing email and password
2021-04-10 12:01:34,713 [main] INFO nopComemrce - Login Failed------
2021-04-10 12:01:34,720 [main] INFO nopComemrce - Click on Logout------
2021-04-10 12:01:40,338 [main] INFO nopComemrce - Login Failed------
2021-04-10 12:01:41,866 [main] INFO nopComemrce - ****Launching browser******
2021-04-10 12:01:43,184 [main] INFO nopComemrce - Providing email and password
2021-04-10 12:01:48,101 [main] INFO nopComemrce - Login Failed------
2021-04-10 12:01:48,142 [main] INFO nopComemrce - Click on Logout------
2021-04-10 12:01:52,458 [main] INFO nopComemrce - Login Failed------
2021-04-10 12:03:44,799 [main] INFO nopComemrce - ****Launching browser******
2021-04-10 12:03:46,195 [main] INFO nopComemrce - Providing email and password
2021-04-10 12:03:51,363 [main] INFO nopComemrce - Login Failed------
2021-04-10 12:03:51,412 [main] INFO nopComemrce - Click on Logout------
2021-04-10 12:03:56,434 [main] INFO nopComemrce - Login Failed------
2021-04-10 12:03:57,849 [main] INFO nopComemrce - ****Launching browser******
2021-04-10 12:03:59,314 [main] INFO nopComemrce - Providing email and password
2021-04-10 12:04:04,323 [main] INFO nopComemrce - Login Failed------
2021-04-10 12:04:04,333 [main] INFO nopComemrce - Click on Logout------
2021-04-10 12:04:09,239 [main] INFO nopComemrce - Login Failed------
2021-04-10 12:04:10,683 [main] INFO nopComemrce - ****Launching browser******
2021-04-10 12:04:11,990 [main] INFO nopComemrce - Providing email and password
2021-04-10 12:04:13,238 [main] INFO nopComemrce - Login passed------
2021-04-10 12:04:13,310 [main] INFO nopComemrce - Click on Logout------
2021-04-10 12:06:13,333 [main] INFO nopComemrce - ****Launching browser******
2021-04-10 12:06:14,691 [main] INFO nopComemrce - Providing email and password
2021-04-10 12:06:18,560 [main] INFO nopComemrce - Login Passed------
2021-04-10 12:06:18,582 [main] INFO nopComemrce - Click on Logout------
2021-04-10 12:06:23,480 [main] INFO nopComemrce - Login Passed------
2021-04-10 12:06:24,927 [main] INFO nopComemrce - ****Launching browser******
2021-04-10 12:06:26,174 [main] INFO nopComemrce - Providing email and password
2021-04-10 12:06:29,929 [main] INFO nopComemrce - Login Passed------
2021-04-10 12:06:29,983 [main] INFO nopComemrce - Click on Logout------
2021-04-10 12:06:34,238 [main] INFO nopComemrce - Login Passed------
2021-04-10 12:06:35,670 [main] INFO nopComemrce - ****Launching browser******
2021-04-10 12:06:36,920 [main] INFO nopComemrce - Providing email and password
2021-04-10 12:06:38,349 [main] INFO nopComemrce - Login Failed------
2021-04-10 12:07:43,328 [main] INFO nopComemrce - ****Launching browser******
2021-04-10 12:07:44,792 [main] INFO nopComemrce - Providing email and password
2021-04-10 12:07:49,729 [main] INFO nopComemrce - Login Passed------
2021-04-10 12:07:49,739 [main] INFO nopComemrce - Click on Logout------
2021-04-10 12:07:53,548 [main] INFO nopComemrce - Login Passed------
2021-04-10 12:07:58,390 [main] INFO nopComemrce - ****Launching browser******
2021-04-10 12:07:59,899 [main] INFO nopComemrce - Providing email and password
2021-04-10 12:08:04,310 [main] INFO nopComemrce - Login Passed------
2021-04-10 12:08:04,322 [main] INFO nopComemrce - Click on Logout------
2021-04-10 12:08:08,109 [main] INFO nopComemrce - Login Passed------
2021-04-10 12:08:12,953 [main] INFO nopComemrce - ****Launching browser******
2021-04-10 12:08:14,419 [main] INFO nopComemrce - Providing email and password
2021-04-10 12:08:15,002 [main] INFO nopComemrce - Login Failed------
2021-04-10 12:11:57,001 [main] INFO nopComemrce - ****Launching browser******
2021-04-10 12:11:58,491 [main] INFO nopComemrce - Providing email and password
2021-04-10 12:12:03,396 [main] INFO nopComemrce - Login Passed------
2021-04-10 12:12:03,409 [main] INFO nopComemrce - Click on Logout------
2021-04-10 12:12:07,237 [main] INFO nopComemrce - Login Passed------
2021-04-10 12:12:12,100 [main] INFO nopComemrce - ****Launching browser******
2021-04-10 12:12:13,562 [main] INFO nopComemrce - Providing email and password
2021-04-10 12:12:17,980 [main] INFO nopComemrce - Login Passed------
2021-04-10 12:12:17,990 [main] INFO nopComemrce - Click on Logout------
2021-04-10 12:12:21,776 [main] INFO nopComemrce - Login Passed------
2021-04-10 12:12:26,625 [main] INFO nopComemrce - ****Launching browser******
2021-04-10 12:12:27,998 [main] INFO nopComemrce - Providing email and password
2021-04-10 12:12:29,202 [main] INFO nopComemrce - Login Failed------
2021-04-10 12:29:36,489 [main] INFO nopComemrce - ****Launching browser******
2021-04-10 12:29:38,094 [main] INFO nopComemrce - Providing email and password
2021-04-10 12:29:41,090 [main] INFO nopComemrce - Login Passed------
2021-04-10 12:29:41,102 [main] INFO nopComemrce - Click on Logout------
2021-04-10 12:29:44,899 [main] INFO nopComemrce - Login Passed------
2021-04-10 12:29:48,666 [main] INFO nopComemrce - ****Launching browser******
2021-04-10 12:29:50,114 [main] INFO nopComemrce - Providing email and password
2021-04-10 12:29:54,347 [main] INFO nopComemrce - Login Passed------
2021-04-10 12:29:54,359 [main] INFO nopComemrce - Click on Logout------
2021-04-10 12:29:58,195 [main] INFO nopComemrce - Login Passed------
2021-04-10 12:30:03,061 [main] INFO nopComemrce - ****Launching browser******
2021-04-10 12:30:04,571 [main] INFO nopComemrce - Providing email and password
2021-04-10 12:30:05,772 [main] INFO nopComemrce - Login Failed------
2021-04-10 12:37:30,703 [main] INFO nopComemrce - ****Launching browser******
2021-04-10 12:37:32,357 [main] INFO nopComemrce - Providing email and password
2021-04-10 12:37:37,532 [main] INFO nopComemrce - Login Passed------
2021-04-10 12:37:37,563 [main] INFO nopComemrce - Click on Logout------
2021-04-10 12:37:42,602 [main] INFO nopComemrce - Login Passed------
2021-04-10 12:37:44,631 [main] INFO nopComemrce - ****Launching browser******
2021-04-10 12:37:45,905 [main] INFO nopComemrce - Providing email and password
2021-04-10 12:37:50,276 [main] INFO nopComemrce - Login Passed------
2021-04-10 12:37:50,326 [main] INFO nopComemrce - Click on Logout------
2021-04-10 12:37:55,306 [main] INFO nopComemrce - Login Passed------
2021-04-10 12:37:57,519 [main] INFO nopComemrce - ****Launching browser******
2021-04-10 12:37:58,987 [main] INFO nopComemrce - Providing email and password
2021-04-10 12:38:00,407 [main] INFO nopComemrce - Login Failed------
2021-04-10 13:12:24,195 [main] INFO nopComemrce - ****Launching browser******
2021-04-10 13:12:25,411 [main] INFO nopComemrce - Providing email and password
2021-04-10 13:12:41,724 [main] INFO nopComemrce - Adding new customer------
2021-04-10 13:12:41,729 [main] INFO nopComemrce - providing new customer details------
2021-04-10 13:12:42,123 [main] INFO nopComemrce - saving new customer------
2021-04-10 13:12:45,163 [main] INFO nopComemrce - ****Launching browser******
2021-04-10 13:12:46,311 [main] INFO nopComemrce - Providing email and password
2021-04-10 13:13:02,244 [main] INFO nopComemrce - Searching new customer by email------
2021-04-10 13:13:06,184 [main] INFO nopComemrce - ****Launching browser******
2021-04-10 13:13:07,306 [main] INFO nopComemrce - Providing email and password
2021-04-10 13:13:26,387 [main] INFO nopComemrce - ****Launching browser******
2021-04-10 13:13:26,964 [main] INFO nopComemrce - Providing email and password
2021-04-10 13:13:29,411 [main] INFO nopComemrce - Login Passed------
2021-04-10 13:13:29,416 [main] INFO nopComemrce - Click on Logout------
2021-04-10 13:13:33,453 [main] INFO nopComemrce - Login Passed------
2021-04-10 13:13:35,167 [main] INFO nopComemrce - ****Launching browser******
2021-04-10 13:13:36,339 [main] INFO nopComemrce - Providing email and password
2021-04-10 13:13:40,103 [main] INFO nopComemrce - Login Passed------
2021-04-10 13:13:40,107 [main] INFO nopComemrce - Click on Logout------
2021-04-10 13:13:44,818 [main] INFO nopComemrce - Login Passed------
2021-04-10 13:13:46,550 [main] INFO nopComemrce - ****Launching browser******
2021-04-10 13:13:47,832 [main] INFO nopComemrce - Providing email and password
2021-04-10 13:13:48,918 [main] INFO nopComemrce - Login Failed------
2021-04-10 13:14:15,353 [main] INFO nopComemrce - ****Launching browser******
2021-04-10 13:14:16,623 [main] INFO nopComemrce - Providing email and password
2021-04-10 13:14:32,156 [main] INFO nopComemrce - Adding new customer------
2021-04-10 13:14:32,160 [main] INFO nopComemrce - providing new customer details------
2021-04-10 13:14:32,564 [main] INFO nopComemrce - saving new customer------
2021-04-10 13:14:35,627 [main] INFO nopComemrce - ****Launching browser******
2021-04-10 13:14:36,202 [main] INFO nopComemrce - Providing email and password
2021-04-10 13:14:38,140 [main] INFO nopComemrce - Login Passed------
2021-04-10 13:14:38,145 [main] INFO nopComemrce - Click on Logout------
2021-04-10 13:14:42,228 [main] INFO nopComemrce - Login Passed------
2021-04-10 13:20:37,489 [main] INFO nopComemrce - ****Launching browser******
2021-04-10 13:20:38,698 [main] INFO nopComemrce - Providing email and password
2021-04-10 13:20:54,927 [main] INFO nopComemrce - Searching new customer by email------
2021-04-10 13:20:58,888 [main] INFO nopComemrce - ****Launching browser******
2021-04-10 13:21:00,119 [main] INFO nopComemrce - Providing email and password
2021-04-10 13:21:18,953 [main] INFO nopComemrce - ****Launching browser******
2021-04-10 13:21:20,151 [main] INFO nopComemrce - Providing email and password
2021-04-10 13:21:24,182 [main] INFO nopComemrce - Login Passed------
2021-04-10 13:21:24,188 [main] INFO nopComemrce - Click on Logout------
2021-04-10 13:21:28,873 [main] INFO nopComemrce - Login Passed------
2021-04-10 13:21:30,592 [main] INFO nopComemrce - ****Launching browser******
2021-04-10 13:21:31,750 [main] INFO nopComemrce - Providing email and password
2021-04-10 13:21:32,873 [main] INFO nopComemrce - Login Failed------
2021-04-11 10:09:10,059 [main] INFO nopComemrce - ****Launching browser******
2021-04-11 10:09:11,420 [main] INFO nopComemrce - Providing email and password
2021-04-11 10:09:25,696 [main] INFO nopComemrce - Searching new customer by email------
2021-04-11 10:09:29,914 [main] INFO nopComemrce - ****Launching browser******
2021-04-11 10:09:30,477 [main] INFO nopComemrce - Providing email and password
2021-04-11 10:09:48,185 [main] INFO nopComemrce - ****Launching browser******
2021-04-11 10:09:49,308 [main] INFO nopComemrce - Providing email and password
2021-04-11 10:09:52,703 [main] INFO nopComemrce - Login Passed------
2021-04-11 10:09:52,708 [main] INFO nopComemrce - Click on Logout------
2021-04-11 10:09:58,079 [main] INFO nopComemrce - Login Passed------
2021-04-11 10:09:59,784 [main] INFO nopComemrce - ****Launching browser******
2021-04-11 10:10:00,973 [main] INFO nopComemrce - Providing email and password
2021-04-11 10:10:02,109 [main] INFO nopComemrce - Login Failed------
2021-04-11 10:20:15,700 [main] INFO nopComemrce - ****Launching browser******
2021-04-11 10:20:16,909 [main] INFO nopComemrce - Providing email and password
2021-04-11 10:20:31,773 [main] INFO nopComemrce - Searching new customer by email------
2021-04-11 10:20:35,769 [main] INFO nopComemrce - ****Launching browser******
2021-04-11 10:20:36,914 [main] INFO nopComemrce - Providing email and password
2021-04-11 10:20:56,912 [main] INFO nopComemrce - ****Launching browser******
2021-04-11 10:20:58,011 [main] INFO nopComemrce - Providing email and password
2021-04-11 10:21:01,881 [main] INFO nopComemrce - Login Passed------
2021-04-11 10:21:01,886 [main] INFO nopComemrce - Click on Logout------
2021-04-11 10:21:05,946 [main] INFO nopComemrce - Login Passed------
2021-04-11 10:21:07,682 [main] INFO nopComemrce - ****Launching browser******
2021-04-11 10:21:08,811 [main] INFO nopComemrce - Providing email and password
2021-04-11 10:21:09,298 [main] INFO nopComemrce - Login Failed------
2021-04-11 10:22:55,605 [main] INFO nopComemrce - ****Launching browser******
2021-04-11 10:22:56,864 [main] INFO nopComemrce - Providing email and password
2021-04-11 10:23:11,232 [main] INFO nopComemrce - Searching new customer by email------
2021-04-11 10:23:15,185 [main] INFO nopComemrce - ****Launching browser******
2021-04-11 10:23:16,321 [main] INFO nopComemrce - Providing email and password
2021-04-11 10:23:35,889 [main] INFO nopComemrce - ****Launching browser******
2021-04-11 10:23:37,085 [main] INFO nopComemrce - Providing email and password
2021-04-11 10:23:41,785 [main] INFO nopComemrce - Login Passed------
2021-04-11 10:23:41,791 [main] INFO nopComemrce - Click on Logout------
2021-04-11 10:23:46,459 [main] INFO nopComemrce - Login Passed------
2021-04-11 10:23:48,174 [main] INFO nopComemrce - ****Launching browser******
2021-04-11 10:23:49,371 [main] INFO nopComemrce - Providing email and password
2021-04-11 10:23:54,042 [main] INFO nopComemrce - Login Passed------
2021-04-11 10:23:54,048 [main] INFO nopComemrce - Click on Logout------
2021-04-11 10:23:58,723 [main] INFO nopComemrce - Login Passed------
2021-04-11 10:27:18,532 [main] INFO nopComemrce - ****Launching browser******
2021-04-11 10:27:19,793 [main] INFO nopComemrce - Providing email and password
2021-04-11 10:27:36,110 [main] INFO nopComemrce - Searching new customer by email------
2021-04-11 10:27:40,123 [main] INFO nopComemrce - ****Launching browser******
2021-04-11 10:27:41,268 [main] INFO nopComemrce - Providing email and password
2021-04-11 10:28:00,435 [main] INFO nopComemrce - ****Launching browser******
2021-04-11 10:28:01,836 [main] INFO nopComemrce - Providing email and password
2021-04-11 10:28:05,806 [main] INFO nopComemrce - Login Passed------
2021-04-11 10:28:05,811 [main] INFO nopComemrce - Click on Logout------
2021-04-11 10:28:11,152 [main] INFO nopComemrce - Login Passed------
2021-04-11 10:28:12,866 [main] INFO nopComemrce - ****Launching browser******
2021-04-11 10:28:13,383 [main] INFO nopComemrce - Providing email and password
2021-04-11 10:28:15,791 [main] INFO nopComemrce - Login Passed------
2021-04-11 10:28:15,798 [main] INFO nopComemrce - Click on Logout------
2021-04-11 10:28:20,514 [main] INFO nopComemrce - Login Passed------
